<?xml version="1.0" encoding="UTF-8"?>
<!-- Generated by org.testng.reporters.JUnitReportReporter -->
<testsuite hostname="Lenovo-PC" name="com.demo.example.DemoOne" tests="1" failures="0" timestamp="17 Apr 2020 18:44:53 GMT" time="31.681" errors="0">
  <testcase name="qaAcademy" time="31.681" classname="com.demo.example.DemoOne"/>
</testsuite> <!-- com.demo.example.DemoOne -->
