<?xml version="1.0" encoding="UTF-8"?>
<!-- Generated by org.testng.reporters.JUnitReportReporter -->
<testsuite hostname="Lenovo-PC" name="com.demo.example.DemoTwo" tests="1" failures="0" timestamp="17 Apr 2020 18:44:53 GMT" time="41.941" errors="0">
  <testcase name="toolsQA" time="41.941" classname="com.demo.example.DemoTwo"/>
</testsuite> <!-- com.demo.example.DemoTwo -->
